      Date & Time,  Trans,  Elap Time,  Data Trans,  Resp Time,  Trans Rate,  Throughput,  Concurrent,    OKAY,   Failed
2015-08-26 07:47:09,  46894,     240.03,         137,       0.02,      195.37,        0.57,        2.94,   46894,       0
2015-08-26 07:52:09,  46059,     240.03,         135,       0.02,      191.89,        0.56,        3.33,   46059,       0
2015-08-26 07:57:09,  46700,     240.03,         137,       0.02,      194.56,        0.57,        3.18,   46700,       0
2015-08-26 08:02:09,  46585,     240.03,         136,       0.02,      194.08,        0.57,        3.12,   46585,       0
2015-08-26 08:07:09,  46758,     240.03,         137,       0.02,      194.80,        0.57,        3.01,   46758,       0
2015-08-26 08:12:09,  46487,     240.03,         136,       0.02,      193.67,        0.57,        3.42,   46487,       0
2015-08-26 08:17:09,  46849,     240.02,         137,       0.02,      195.19,        0.57,        3.05,   46849,       0
2015-08-26 08:22:09,  46279,     240.03,         135,       0.02,      192.81,        0.56,        3.38,   46279,       0
2015-08-26 08:27:09,  46614,     240.04,         136,       0.02,      194.19,        0.57,        3.05,   46614,       0
2015-08-26 08:32:09,  46136,     240.03,         135,       0.02,      192.21,        0.56,        3.38,   46136,       0
2015-08-26 08:37:09,  45968,     240.03,         134,       0.02,      191.51,        0.56,        3.47,   45968,       0
2015-08-26 08:42:09,  46407,     240.03,         136,       0.02,      193.34,        0.57,        3.47,   46407,       0
2015-08-26 08:47:09,  46535,     240.02,         136,       0.02,      193.88,        0.57,        3.46,   46535,       0
2015-08-26 08:52:09,  46256,     240.02,         135,       0.02,      192.72,        0.56,        3.37,   46256,       0
2015-08-26 08:57:09,  46447,     240.03,         136,       0.02,      193.50,        0.57,        3.19,   46447,       0
2015-08-26 09:02:09,  46501,     240.02,         136,       0.02,      193.74,        0.57,        3.20,   46501,       0
2015-08-26 09:07:09,  45993,     240.02,         135,       0.02,      191.62,        0.56,        3.64,   45993,       0
2015-08-26 09:12:09,  46407,     240.02,         136,       0.02,      193.35,        0.57,        3.54,   46407,       0
2015-08-26 09:17:09,  46255,     240.03,         135,       0.02,      192.71,        0.56,        3.69,   46255,       0
2015-08-26 09:22:09,  46521,     240.03,         136,       0.02,      193.81,        0.57,        3.44,   46521,       0
2015-08-26 09:27:09,  46760,     240.02,         137,       0.02,      194.82,        0.57,        3.06,   46760,       0
2015-08-26 09:32:09,  46508,     240.02,         136,       0.02,      193.77,        0.57,        3.39,   46508,       0
2015-08-26 09:37:09,  46625,     240.03,         136,       0.02,      194.25,        0.57,        3.07,   46625,       0
2015-08-26 09:42:09,  46107,     240.02,         135,       0.02,      192.10,        0.56,        3.47,   46107,       0
2015-08-26 09:47:09,  46336,     240.03,         136,       0.02,      193.04,        0.57,        3.13,   46336,       0
2015-08-26 09:52:09,  46747,     240.03,         137,       0.02,      194.75,        0.57,        3.16,   46747,       0
2015-08-26 09:57:09,  46495,     240.03,         136,       0.02,      193.70,        0.57,        3.51,   46495,       0
2015-08-26 10:02:09,  46481,     240.03,         136,       0.02,      193.65,        0.57,        3.08,   46481,       0
2015-08-26 10:07:09,  46656,     240.03,         136,       0.02,      194.38,        0.57,        3.19,   46656,       0
2015-08-26 10:12:09,  46455,     240.03,         136,       0.02,      193.54,        0.57,        3.48,   46455,       0
2015-08-26 10:17:09,  38718,     240.04,         113,       0.12,      161.30,        0.47,       19.43,   38718,       0
2015-08-26 10:22:39,  38534,     240.03,         113,       0.12,      160.54,        0.47,       19.52,   38534,       0
2015-08-26 10:28:09,  38426,     240.03,         112,       0.12,      160.09,        0.47,       19.89,   38426,       2
2015-08-26 10:33:39,  37997,     240.03,         111,       0.13,      158.30,        0.46,       20.31,   37997,       0
2015-08-26 10:39:09,  38721,     240.04,         113,       0.12,      161.31,        0.47,       19.42,   38721,       0
2015-08-26 10:44:39,  38332,     240.03,         112,       0.12,      159.70,        0.47,       19.48,   38332,       4
2015-08-26 10:50:09,  38336,     240.03,         112,       0.12,      159.71,        0.47,       19.39,   38336,       0
2015-08-26 10:55:39,  39030,     240.03,         114,       0.12,      162.60,        0.47,       18.83,   39030,       1
2015-08-26 11:01:09,  38666,     240.03,         113,       0.12,      161.09,        0.47,       19.79,   38666,       0
2015-08-26 11:06:39,  38702,     240.03,         113,       0.12,      161.24,        0.47,       19.79,   38702,       0
2015-08-26 11:12:09,  38506,     240.03,         113,       0.12,      160.42,        0.47,       19.39,   38506,       0
2015-08-26 11:17:39,  38301,     240.03,         112,       0.13,      159.57,        0.47,       20.10,   38301,       0
2015-08-26 11:23:09,  38814,     240.03,         113,       0.12,      161.70,        0.47,       19.01,   38814,       1
2015-08-26 11:28:39,  38578,     240.03,         113,       0.12,      160.72,        0.47,       19.90,   38578,       0
2015-08-26 11:34:09,  38849,     240.03,         114,       0.12,      161.85,        0.47,       18.92,   38849,       0
2015-08-26 11:39:39,  39093,     240.03,         114,       0.12,      162.87,        0.47,       18.84,   39093,       0
2015-08-26 11:45:09,  38666,     240.03,         113,       0.12,      161.09,        0.47,       19.71,   38666,       0
2015-08-26 11:50:39,  39029,     240.03,         114,       0.12,      162.60,        0.47,       18.95,   39029,       0
2015-08-26 11:56:09,  38063,     240.03,         111,       0.12,      158.58,        0.46,       19.41,   38063,       4
2015-08-26 12:01:39,  38667,     240.03,         113,       0.12,      161.09,        0.47,       19.14,   38667,       0
2015-08-26 12:07:09,  39161,     240.03,         114,       0.11,      163.15,        0.47,       18.65,   39161,       0
2015-08-26 12:12:39,  38289,     240.02,         112,       0.13,      159.52,        0.47,       20.35,   38289,       0
2015-08-26 12:18:09,  38673,     240.04,         113,       0.12,      161.11,        0.47,       19.53,   38673,       0
2015-08-26 12:23:39,  38740,     240.03,         113,       0.12,      161.40,        0.47,       19.17,   38740,       0
2015-08-26 12:29:09,  38412,     240.03,         112,       0.12,      160.03,        0.47,       19.78,   38412,       0
2015-08-26 12:34:39,  38901,     240.03,         114,       0.12,      162.07,        0.47,       18.88,   38901,       0
2015-08-26 12:40:09,  38643,     240.03,         113,       0.12,      160.99,        0.47,       19.97,   38643,       0
2015-08-26 12:45:39,  38401,     240.03,         112,       0.12,      159.98,        0.47,       19.83,   38401,       0
2015-08-26 12:51:09,  38261,     240.04,         112,       0.12,      159.39,        0.47,       19.64,   38261,       0
2015-08-26 12:56:39,  38918,     240.03,         114,       0.12,      162.14,        0.47,       19.35,   38918,       1
