This file contains any messages produced by compilers while
running configure, to aid debugging if configure makes a mistake.

It was created by t50 configure 5.6.6, which was
generated by GNU Autoconf 2.69.  Invocation command line was

  $ ./configure 

## --------- ##
## Platform. ##
## --------- ##

hostname = gpcnslave
uname -m = x86_64
uname -r = 3.13.0-95-generic
uname -s = Linux
uname -v = #142-Ubuntu SMP Fri Aug 12 17:00:09 UTC 2016

/usr/bin/uname -p = unknown
/bin/uname -X     = unknown

/bin/arch              = unknown
/usr/bin/arch -k       = unknown
/usr/convex/getsysinfo = unknown
/usr/bin/hostinfo      = unknown
/bin/machine           = unknown
/usr/bin/oslevel       = unknown
/bin/universe          = unknown

PATH: /usr/local/sbin
PATH: /usr/local/bin
PATH: /usr/sbin
PATH: /usr/bin
PATH: /sbin
PATH: /bin


## ----------- ##
## Core tests. ##
## ----------- ##

configure:2308: checking for a BSD-compatible install
configure:2376: result: /usr/bin/install -c
configure:2387: checking whether build environment is sane
configure:2442: result: yes
configure:2593: checking for a thread-safe mkdir -p
configure:2632: result: /bin/mkdir -p
configure:2639: checking for gawk
configure:2655: found /usr/bin/gawk
configure:2666: result: gawk
configure:2677: checking whether make sets $(MAKE)
configure:2699: result: yes
configure:2728: checking whether make supports nested variables
configure:2745: result: yes
configure:2883: checking for style of include used by make
configure:2911: result: GNU
configure:2982: checking for gcc
configure:2998: found /usr/bin/gcc
configure:3009: result: gcc
configure:3238: checking for C compiler version
configure:3247: gcc --version >&5
gcc (Ubuntu 4.8.4-2ubuntu1~14.04.3) 4.8.4
Copyright (C) 2013 Free Software Foundation, Inc.
This is free software; see the source for copying conditions.  There is NO
warranty; not even for MERCHANTABILITY or FITNESS FOR A PARTICULAR PURPOSE.

configure:3258: $? = 0
configure:3247: gcc -v >&5
Using built-in specs.
COLLECT_GCC=gcc
COLLECT_LTO_WRAPPER=/usr/lib/gcc/x86_64-linux-gnu/4.8/lto-wrapper
Target: x86_64-linux-gnu
Configured with: ../src/configure -v --with-pkgversion='Ubuntu 4.8.4-2ubuntu1~14.04.3' --with-bugurl=file:///usr/share/doc/gcc-4.8/README.Bugs --enable-languages=c,c++,java,go,d,fortran,objc,obj-c++ --prefix=/usr --program-suffix=-4.8 --enable-shared --enable-linker-build-id --libexecdir=/usr/lib --without-included-gettext --enable-threads=posix --with-gxx-include-dir=/usr/include/c++/4.8 --libdir=/usr/lib --enable-nls --with-sysroot=/ --enable-clocale=gnu --enable-libstdcxx-debug --enable-libstdcxx-time=yes --enable-gnu-unique-object --disable-libmudflap --enable-plugin --with-system-zlib --disable-browser-plugin --enable-java-awt=gtk --enable-gtk-cairo --with-java-home=/usr/lib/jvm/java-1.5.0-gcj-4.8-amd64/jre --enable-java-home --with-jvm-root-dir=/usr/lib/jvm/java-1.5.0-gcj-4.8-amd64 --with-jvm-jar-dir=/usr/lib/jvm-exports/java-1.5.0-gcj-4.8-amd64 --with-arch-directory=amd64 --with-ecj-jar=/usr/share/java/eclipse-ecj.jar --enable-objc-gc --enable-multiarch --disable-werror --with-arch-32=i686 --with-abi=m64 --with-multilib-list=m32,m64,mx32 --with-tune=generic --enable-checking=release --build=x86_64-linux-gnu --host=x86_64-linux-gnu --target=x86_64-linux-gnu
Thread model: posix
gcc version 4.8.4 (Ubuntu 4.8.4-2ubuntu1~14.04.3) 
configure:3258: $? = 0
configure:3247: gcc -V >&5
gcc: error: unrecognized command line option '-V'
gcc: fatal error: no input files
compilation terminated.
configure:3258: $? = 4
configure:3247: gcc -qversion >&5
gcc: error: unrecognized command line option '-qversion'
gcc: fatal error: no input files
compilation terminated.
configure:3258: $? = 4
configure:3278: checking whether the C compiler works
configure:3300: gcc    conftest.c  >&5
configure:3304: $? = 0
configure:3352: result: yes
configure:3355: checking for C compiler default output file name
configure:3357: result: a.out
configure:3363: checking for suffix of executables
configure:3370: gcc -o conftest    conftest.c  >&5
configure:3374: $? = 0
configure:3396: result: 
configure:3418: checking whether we are cross compiling
configure:3426: gcc -o conftest    conftest.c  >&5
configure:3430: $? = 0
configure:3437: ./conftest
configure:3441: $? = 0
configure:3456: result: no
configure:3461: checking for suffix of object files
configure:3483: gcc -c   conftest.c >&5
configure:3487: $? = 0
configure:3508: result: o
configure:3512: checking whether we are using the GNU C compiler
configure:3531: gcc -c   conftest.c >&5
configure:3531: $? = 0
configure:3540: result: yes
configure:3549: checking whether gcc accepts -g
configure:3569: gcc -c -g  conftest.c >&5
configure:3569: $? = 0
configure:3610: result: yes
configure:3627: checking for gcc option to accept ISO C89
configure:3690: gcc  -c -g -O2  conftest.c >&5
configure:3690: $? = 0
configure:3703: result: none needed
configure:3728: checking whether gcc understands -c and -o together
configure:3750: gcc -c conftest.c -o conftest2.o
configure:3753: $? = 0
configure:3750: gcc -c conftest.c -o conftest2.o
configure:3753: $? = 0
configure:3765: result: yes
configure:3784: checking dependency style of gcc
configure:3895: result: gcc3
configure:3910: checking for gcc option to accept ISO C99
configure:4059: gcc  -c -g -O2  conftest.c >&5
conftest.c:61:29: error: expected ';', ',' or ')' before 'text'
 test_restrict (ccp restrict text)
                             ^
conftest.c: In function 'main':
conftest.c:115:18: error: expected '=', ',', ';', 'asm' or '__attribute__' before 'newvar'
   char *restrict newvar = "Another string";
                  ^
conftest.c:115:18: error: 'newvar' undeclared (first use in this function)
conftest.c:115:18: note: each undeclared identifier is reported only once for each function it appears in
conftest.c:125:3: error: 'for' loop initial declarations are only allowed in C99 mode
   for (int i = 0; i < ia->datasize; ++i)
   ^
conftest.c:125:3: note: use option -std=c99 or -std=gnu99 to compile your code
configure:4059: $? = 1
configure: failed program was:
| /* confdefs.h */
| #define PACKAGE_NAME "t50"
| #define PACKAGE_TARNAME "t50"
| #define PACKAGE_VERSION "5.6.6"
| #define PACKAGE_STRING "t50 5.6.6"
| #define PACKAGE_BUGREPORT ""
| #define PACKAGE_URL "https://github.com/fredericopissarra/t50.git"
| #define PACKAGE "t50"
| #define VERSION "5.6.6"
| /* end confdefs.h.  */
| #include <stdarg.h>
| #include <stdbool.h>
| #include <stdlib.h>
| #include <wchar.h>
| #include <stdio.h>
| 
| // Check varargs macros.  These examples are taken from C99 6.10.3.5.
| #define debug(...) fprintf (stderr, __VA_ARGS__)
| #define showlist(...) puts (#__VA_ARGS__)
| #define report(test,...) ((test) ? puts (#test) : printf (__VA_ARGS__))
| static void
| test_varargs_macros (void)
| {
|   int x = 1234;
|   int y = 5678;
|   debug ("Flag");
|   debug ("X = %d\n", x);
|   showlist (The first, second, and third items.);
|   report (x>y, "x is %d but y is %d", x, y);
| }
| 
| // Check long long types.
| #define BIG64 18446744073709551615ull
| #define BIG32 4294967295ul
| #define BIG_OK (BIG64 / BIG32 == 4294967297ull && BIG64 % BIG32 == 0)
| #if !BIG_OK
|   your preprocessor is broken;
| #endif
| #if BIG_OK
| #else
|   your preprocessor is broken;
| #endif
| static long long int bignum = -9223372036854775807LL;
| static unsigned long long int ubignum = BIG64;
| 
| struct incomplete_array
| {
|   int datasize;
|   double data[];
| };
| 
| struct named_init {
|   int number;
|   const wchar_t *name;
|   double average;
| };
| 
| typedef const char *ccp;
| 
| static inline int
| test_restrict (ccp restrict text)
| {
|   // See if C++-style comments work.
|   // Iterate through items via the restricted pointer.
|   // Also check for declarations in for loops.
|   for (unsigned int i = 0; *(text+i) != '\0'; ++i)
|     continue;
|   return 0;
| }
| 
| // Check varargs and va_copy.
| static void
| test_varargs (const char *format, ...)
| {
|   va_list args;
|   va_start (args, format);
|   va_list args_copy;
|   va_copy (args_copy, args);
| 
|   const char *str;
|   int number;
|   float fnumber;
| 
|   while (*format)
|     {
|       switch (*format++)
| 	{
| 	case 's': // string
| 	  str = va_arg (args_copy, const char *);
| 	  break;
| 	case 'd': // int
| 	  number = va_arg (args_copy, int);
| 	  break;
| 	case 'f': // float
| 	  fnumber = va_arg (args_copy, double);
| 	  break;
| 	default:
| 	  break;
| 	}
|     }
|   va_end (args_copy);
|   va_end (args);
| }
| 
| int
| main ()
| {
| 
|   // Check bool.
|   _Bool success = false;
| 
|   // Check restrict.
|   if (test_restrict ("String literal") == 0)
|     success = true;
|   char *restrict newvar = "Another string";
| 
|   // Check varargs.
|   test_varargs ("s, d' f .", "string", 65, 34.234);
|   test_varargs_macros ();
| 
|   // Check flexible array members.
|   struct incomplete_array *ia =
|     malloc (sizeof (struct incomplete_array) + (sizeof (double) * 10));
|   ia->datasize = 10;
|   for (int i = 0; i < ia->datasize; ++i)
|     ia->data[i] = i * 1.234;
| 
|   // Check named initializers.
|   struct named_init ni = {
|     .number = 34,
|     .name = L"Test wide string",
|     .average = 543.34343,
|   };
| 
|   ni.number = 58;
| 
|   int dynamic_array[ni.number];
|   dynamic_array[ni.number - 1] = 543;
| 
|   // work around unused variable warnings
|   return (!success || bignum == 0LL || ubignum == 0uLL || newvar[0] == 'x'
| 	  || dynamic_array[ni.number - 1] != 543);
| 
|   ;
|   return 0;
| }
configure:4059: gcc -std=gnu99 -c -g -O2  conftest.c >&5
configure:4059: $? = 0
configure:4079: result: -std=gnu99
configure:4104: checking how to run the C preprocessor
configure:4135: gcc -std=gnu99 -E  conftest.c
configure:4135: $? = 0
configure:4149: gcc -std=gnu99 -E  conftest.c
conftest.c:11:28: fatal error: ac_nonexistent.h: No such file or directory
 #include <ac_nonexistent.h>
                            ^
compilation terminated.
configure:4149: $? = 1
configure: failed program was:
| /* confdefs.h */
| #define PACKAGE_NAME "t50"
| #define PACKAGE_TARNAME "t50"
| #define PACKAGE_VERSION "5.6.6"
| #define PACKAGE_STRING "t50 5.6.6"
| #define PACKAGE_BUGREPORT ""
| #define PACKAGE_URL "https://github.com/fredericopissarra/t50.git"
| #define PACKAGE "t50"
| #define VERSION "5.6.6"
| /* end confdefs.h.  */
| #include <ac_nonexistent.h>
configure:4174: result: gcc -std=gnu99 -E
configure:4194: gcc -std=gnu99 -E  conftest.c
configure:4194: $? = 0
configure:4208: gcc -std=gnu99 -E  conftest.c
conftest.c:11:28: fatal error: ac_nonexistent.h: No such file or directory
 #include <ac_nonexistent.h>
                            ^
compilation terminated.
configure:4208: $? = 1
configure: failed program was:
| /* confdefs.h */
| #define PACKAGE_NAME "t50"
| #define PACKAGE_TARNAME "t50"
| #define PACKAGE_VERSION "5.6.6"
| #define PACKAGE_STRING "t50 5.6.6"
| #define PACKAGE_BUGREPORT ""
| #define PACKAGE_URL "https://github.com/fredericopissarra/t50.git"
| #define PACKAGE "t50"
| #define VERSION "5.6.6"
| /* end confdefs.h.  */
| #include <ac_nonexistent.h>
configure:4237: checking for grep that handles long lines and -e
configure:4295: result: /bin/grep
configure:4300: checking for egrep
configure:4362: result: /bin/grep -E
configure:4367: checking for ANSI C header files
configure:4387: gcc -std=gnu99 -c -O3 -march=native -DNDEBUG  conftest.c >&5
configure:4387: $? = 0
configure:4460: gcc -std=gnu99 -o conftest -O3 -march=native -DNDEBUG   conftest.c  >&5
configure:4460: $? = 0
configure:4460: ./conftest
configure:4460: $? = 0
configure:4471: result: yes
configure:4484: checking for sys/types.h
configure:4484: gcc -std=gnu99 -c -O3 -march=native -DNDEBUG  conftest.c >&5
configure:4484: $? = 0
configure:4484: result: yes
configure:4484: checking for sys/stat.h
configure:4484: gcc -std=gnu99 -c -O3 -march=native -DNDEBUG  conftest.c >&5
configure:4484: $? = 0
configure:4484: result: yes
configure:4484: checking for stdlib.h
configure:4484: gcc -std=gnu99 -c -O3 -march=native -DNDEBUG  conftest.c >&5
configure:4484: $? = 0
configure:4484: result: yes
configure:4484: checking for string.h
configure:4484: gcc -std=gnu99 -c -O3 -march=native -DNDEBUG  conftest.c >&5
configure:4484: $? = 0
configure:4484: result: yes
configure:4484: checking for memory.h
configure:4484: gcc -std=gnu99 -c -O3 -march=native -DNDEBUG  conftest.c >&5
configure:4484: $? = 0
configure:4484: result: yes
configure:4484: checking for strings.h
configure:4484: gcc -std=gnu99 -c -O3 -march=native -DNDEBUG  conftest.c >&5
configure:4484: $? = 0
configure:4484: result: yes
configure:4484: checking for inttypes.h
configure:4484: gcc -std=gnu99 -c -O3 -march=native -DNDEBUG  conftest.c >&5
configure:4484: $? = 0
configure:4484: result: yes
configure:4484: checking for stdint.h
configure:4484: gcc -std=gnu99 -c -O3 -march=native -DNDEBUG  conftest.c >&5
configure:4484: $? = 0
configure:4484: result: yes
configure:4484: checking for unistd.h
configure:4484: gcc -std=gnu99 -c -O3 -march=native -DNDEBUG  conftest.c >&5
configure:4484: $? = 0
configure:4484: result: yes
configure:4499: checking arpa/inet.h usability
configure:4499: gcc -std=gnu99 -c -O3 -march=native -DNDEBUG  conftest.c >&5
configure:4499: $? = 0
configure:4499: result: yes
configure:4499: checking arpa/inet.h presence
configure:4499: gcc -std=gnu99 -E  conftest.c
configure:4499: $? = 0
configure:4499: result: yes
configure:4499: checking for arpa/inet.h
configure:4499: result: yes
configure:4499: checking fcntl.h usability
configure:4499: gcc -std=gnu99 -c -O3 -march=native -DNDEBUG  conftest.c >&5
configure:4499: $? = 0
configure:4499: result: yes
configure:4499: checking fcntl.h presence
configure:4499: gcc -std=gnu99 -E  conftest.c
configure:4499: $? = 0
configure:4499: result: yes
configure:4499: checking for fcntl.h
configure:4499: result: yes
configure:4499: checking limits.h usability
configure:4499: gcc -std=gnu99 -c -O3 -march=native -DNDEBUG  conftest.c >&5
configure:4499: $? = 0
configure:4499: result: yes
configure:4499: checking limits.h presence
configure:4499: gcc -std=gnu99 -E  conftest.c
configure:4499: $? = 0
configure:4499: result: yes
configure:4499: checking for limits.h
configure:4499: result: yes
configure:4499: checking netdb.h usability
configure:4499: gcc -std=gnu99 -c -O3 -march=native -DNDEBUG  conftest.c >&5
configure:4499: $? = 0
configure:4499: result: yes
configure:4499: checking netdb.h presence
configure:4499: gcc -std=gnu99 -E  conftest.c
configure:4499: $? = 0
configure:4499: result: yes
configure:4499: checking for netdb.h
configure:4499: result: yes
configure:4499: checking netinet/in.h usability
configure:4499: gcc -std=gnu99 -c -O3 -march=native -DNDEBUG  conftest.c >&5
configure:4499: $? = 0
configure:4499: result: yes
configure:4499: checking netinet/in.h presence
configure:4499: gcc -std=gnu99 -E  conftest.c
configure:4499: $? = 0
configure:4499: result: yes
configure:4499: checking for netinet/in.h
configure:4499: result: yes
configure:4499: checking stddef.h usability
configure:4499: gcc -std=gnu99 -c -O3 -march=native -DNDEBUG  conftest.c >&5
configure:4499: $? = 0
configure:4499: result: yes
configure:4499: checking stddef.h presence
configure:4499: gcc -std=gnu99 -E  conftest.c
configure:4499: $? = 0
configure:4499: result: yes
configure:4499: checking for stddef.h
configure:4499: result: yes
configure:4499: checking sys/socket.h usability
configure:4499: gcc -std=gnu99 -c -O3 -march=native -DNDEBUG  conftest.c >&5
configure:4499: $? = 0
configure:4499: result: yes
configure:4499: checking sys/socket.h presence
configure:4499: gcc -std=gnu99 -E  conftest.c
configure:4499: $? = 0
configure:4499: result: yes
configure:4499: checking for sys/socket.h
configure:4499: result: yes
configure:4499: checking sys/time.h usability
configure:4499: gcc -std=gnu99 -c -O3 -march=native -DNDEBUG  conftest.c >&5
configure:4499: $? = 0
configure:4499: result: yes
configure:4499: checking sys/time.h presence
configure:4499: gcc -std=gnu99 -E  conftest.c
configure:4499: $? = 0
configure:4499: result: yes
configure:4499: checking for sys/time.h
configure:4499: result: yes
configure:4510: checking for pid_t
configure:4510: gcc -std=gnu99 -c -O3 -march=native -DNDEBUG  conftest.c >&5
configure:4510: $? = 0
configure:4510: gcc -std=gnu99 -c -O3 -march=native -DNDEBUG  conftest.c >&5
conftest.c: In function 'main':
conftest.c:65:20: error: expected expression before ')' token
 if (sizeof ((pid_t)))
                    ^
configure:4510: $? = 1
configure: failed program was:
| /* confdefs.h */
| #define PACKAGE_NAME "t50"
| #define PACKAGE_TARNAME "t50"
| #define PACKAGE_VERSION "5.6.6"
| #define PACKAGE_STRING "t50 5.6.6"
| #define PACKAGE_BUGREPORT ""
| #define PACKAGE_URL "https://github.com/fredericopissarra/t50.git"
| #define PACKAGE "t50"
| #define VERSION "5.6.6"
| #define STDC_HEADERS 1
| #define HAVE_SYS_TYPES_H 1
| #define HAVE_SYS_STAT_H 1
| #define HAVE_STDLIB_H 1
| #define HAVE_STRING_H 1
| #define HAVE_MEMORY_H 1
| #define HAVE_STRINGS_H 1
| #define HAVE_INTTYPES_H 1
| #define HAVE_STDINT_H 1
| #define HAVE_UNISTD_H 1
| #define HAVE_ARPA_INET_H 1
| #define HAVE_FCNTL_H 1
| #define HAVE_LIMITS_H 1
| #define HAVE_NETDB_H 1
| #define HAVE_NETINET_IN_H 1
| #define HAVE_STDDEF_H 1
| #define HAVE_SYS_SOCKET_H 1
| #define HAVE_SYS_TIME_H 1
| /* end confdefs.h.  */
| #include <stdio.h>
| #ifdef HAVE_SYS_TYPES_H
| # include <sys/types.h>
| #endif
| #ifdef HAVE_SYS_STAT_H
| # include <sys/stat.h>
| #endif
| #ifdef STDC_HEADERS
| # include <stdlib.h>
| # include <stddef.h>
| #else
| # ifdef HAVE_STDLIB_H
| #  include <stdlib.h>
| # endif
| #endif
| #ifdef HAVE_STRING_H
| # if !defined STDC_HEADERS && defined HAVE_MEMORY_H
| #  include <memory.h>
| # endif
| # include <string.h>
| #endif
| #ifdef HAVE_STRINGS_H
| # include <strings.h>
| #endif
| #ifdef HAVE_INTTYPES_H
| # include <inttypes.h>
| #endif
| #ifdef HAVE_STDINT_H
| # include <stdint.h>
| #endif
| #ifdef HAVE_UNISTD_H
| # include <unistd.h>
| #endif
| int
| main ()
| {
| if (sizeof ((pid_t)))
| 	    return 0;
|   ;
|   return 0;
| }
configure:4510: result: yes
configure:4521: checking for size_t
configure:4521: gcc -std=gnu99 -c -O3 -march=native -DNDEBUG  conftest.c >&5
configure:4521: $? = 0
configure:4521: gcc -std=gnu99 -c -O3 -march=native -DNDEBUG  conftest.c >&5
conftest.c: In function 'main':
conftest.c:65:21: error: expected expression before ')' token
 if (sizeof ((size_t)))
                     ^
configure:4521: $? = 1
configure: failed program was:
| /* confdefs.h */
| #define PACKAGE_NAME "t50"
| #define PACKAGE_TARNAME "t50"
| #define PACKAGE_VERSION "5.6.6"
| #define PACKAGE_STRING "t50 5.6.6"
| #define PACKAGE_BUGREPORT ""
| #define PACKAGE_URL "https://github.com/fredericopissarra/t50.git"
| #define PACKAGE "t50"
| #define VERSION "5.6.6"
| #define STDC_HEADERS 1
| #define HAVE_SYS_TYPES_H 1
| #define HAVE_SYS_STAT_H 1
| #define HAVE_STDLIB_H 1
| #define HAVE_STRING_H 1
| #define HAVE_MEMORY_H 1
| #define HAVE_STRINGS_H 1
| #define HAVE_INTTYPES_H 1
| #define HAVE_STDINT_H 1
| #define HAVE_UNISTD_H 1
| #define HAVE_ARPA_INET_H 1
| #define HAVE_FCNTL_H 1
| #define HAVE_LIMITS_H 1
| #define HAVE_NETDB_H 1
| #define HAVE_NETINET_IN_H 1
| #define HAVE_STDDEF_H 1
| #define HAVE_SYS_SOCKET_H 1
| #define HAVE_SYS_TIME_H 1
| /* end confdefs.h.  */
| #include <stdio.h>
| #ifdef HAVE_SYS_TYPES_H
| # include <sys/types.h>
| #endif
| #ifdef HAVE_SYS_STAT_H
| # include <sys/stat.h>
| #endif
| #ifdef STDC_HEADERS
| # include <stdlib.h>
| # include <stddef.h>
| #else
| # ifdef HAVE_STDLIB_H
| #  include <stdlib.h>
| # endif
| #endif
| #ifdef HAVE_STRING_H
| # if !defined STDC_HEADERS && defined HAVE_MEMORY_H
| #  include <memory.h>
| # endif
| # include <string.h>
| #endif
| #ifdef HAVE_STRINGS_H
| # include <strings.h>
| #endif
| #ifdef HAVE_INTTYPES_H
| # include <inttypes.h>
| #endif
| #ifdef HAVE_STDINT_H
| # include <stdint.h>
| #endif
| #ifdef HAVE_UNISTD_H
| # include <unistd.h>
| #endif
| int
| main ()
| {
| if (sizeof ((size_t)))
| 	    return 0;
|   ;
|   return 0;
| }
configure:4521: result: yes
configure:4532: checking for uint64_t
configure:4532: gcc -std=gnu99 -c -O3 -march=native -DNDEBUG  conftest.c >&5
configure:4532: $? = 0
configure:4532: result: yes
configure:4546: checking for uint8_t
configure:4546: gcc -std=gnu99 -c -O3 -march=native -DNDEBUG  conftest.c >&5
configure:4546: $? = 0
configure:4546: result: yes
configure:4560: checking for uint16_t
configure:4560: gcc -std=gnu99 -c -O3 -march=native -DNDEBUG  conftest.c >&5
configure:4560: $? = 0
configure:4560: result: yes
configure:4572: checking for uint32_t
configure:4572: gcc -std=gnu99 -c -O3 -march=native -DNDEBUG  conftest.c >&5
configure:4572: $? = 0
configure:4572: result: yes
configure:4590: checking for alarm
configure:4590: gcc -std=gnu99 -o conftest -O3 -march=native -DNDEBUG   conftest.c  >&5
configure:4590: $? = 0
configure:4590: result: yes
configure:4590: checking for regcomp
configure:4590: gcc -std=gnu99 -o conftest -O3 -march=native -DNDEBUG   conftest.c  >&5
configure:4590: $? = 0
configure:4590: result: yes
configure:4590: checking for socket
configure:4590: gcc -std=gnu99 -o conftest -O3 -march=native -DNDEBUG   conftest.c  >&5
configure:4590: $? = 0
configure:4590: result: yes
configure:4590: checking for strcasecmp
configure:4590: gcc -std=gnu99 -o conftest -O3 -march=native -DNDEBUG   conftest.c  >&5
conftest.c:55:6: warning: conflicting types for built-in function 'strcasecmp' [enabled by default]
 char strcasecmp ();
      ^
configure:4590: $? = 0
configure:4590: result: yes
configure:4590: checking for strchr
configure:4590: gcc -std=gnu99 -o conftest -O3 -march=native -DNDEBUG   conftest.c  >&5
conftest.c:56:6: warning: conflicting types for built-in function 'strchr' [enabled by default]
 char strchr ();
      ^
configure:4590: $? = 0
configure:4590: result: yes
configure:4590: checking for strdup
configure:4590: gcc -std=gnu99 -o conftest -O3 -march=native -DNDEBUG   conftest.c  >&5
conftest.c:57:6: warning: conflicting types for built-in function 'strdup' [enabled by default]
 char strdup ();
      ^
configure:4590: $? = 0
configure:4590: result: yes
configure:4590: checking for strerror
configure:4590: gcc -std=gnu99 -o conftest -O3 -march=native -DNDEBUG   conftest.c  >&5
configure:4590: $? = 0
configure:4590: result: yes
configure:4590: checking for strpbrk
configure:4590: gcc -std=gnu99 -o conftest -O3 -march=native -DNDEBUG   conftest.c  >&5
conftest.c:59:6: warning: conflicting types for built-in function 'strpbrk' [enabled by default]
 char strpbrk ();
      ^
configure:4590: $? = 0
configure:4590: result: yes
configure:4590: checking for strtoul
configure:4590: gcc -std=gnu99 -o conftest -O3 -march=native -DNDEBUG   conftest.c  >&5
configure:4590: $? = 0
configure:4590: result: yes
configure:4602: checking vfork.h usability
configure:4602: gcc -std=gnu99 -c -O3 -march=native -DNDEBUG  conftest.c >&5
conftest.c:71:19: fatal error: vfork.h: No such file or directory
 #include <vfork.h>
                   ^
compilation terminated.
configure:4602: $? = 1
configure: failed program was:
| /* confdefs.h */
| #define PACKAGE_NAME "t50"
| #define PACKAGE_TARNAME "t50"
| #define PACKAGE_VERSION "5.6.6"
| #define PACKAGE_STRING "t50 5.6.6"
| #define PACKAGE_BUGREPORT ""
| #define PACKAGE_URL "https://github.com/fredericopissarra/t50.git"
| #define PACKAGE "t50"
| #define VERSION "5.6.6"
| #define STDC_HEADERS 1
| #define HAVE_SYS_TYPES_H 1
| #define HAVE_SYS_STAT_H 1
| #define HAVE_STDLIB_H 1
| #define HAVE_STRING_H 1
| #define HAVE_MEMORY_H 1
| #define HAVE_STRINGS_H 1
| #define HAVE_INTTYPES_H 1
| #define HAVE_STDINT_H 1
| #define HAVE_UNISTD_H 1
| #define HAVE_ARPA_INET_H 1
| #define HAVE_FCNTL_H 1
| #define HAVE_LIMITS_H 1
| #define HAVE_NETDB_H 1
| #define HAVE_NETINET_IN_H 1
| #define HAVE_STDDEF_H 1
| #define HAVE_SYS_SOCKET_H 1
| #define HAVE_SYS_TIME_H 1
| #define HAVE_ALARM 1
| #define HAVE_REGCOMP 1
| #define HAVE_SOCKET 1
| #define HAVE_STRCASECMP 1
| #define HAVE_STRCHR 1
| #define HAVE_STRDUP 1
| #define HAVE_STRERROR 1
| #define HAVE_STRPBRK 1
| #define HAVE_STRTOUL 1
| /* end confdefs.h.  */
| #include <stdio.h>
| #ifdef HAVE_SYS_TYPES_H
| # include <sys/types.h>
| #endif
| #ifdef HAVE_SYS_STAT_H
| # include <sys/stat.h>
| #endif
| #ifdef STDC_HEADERS
| # include <stdlib.h>
| # include <stddef.h>
| #else
| # ifdef HAVE_STDLIB_H
| #  include <stdlib.h>
| # endif
| #endif
| #ifdef HAVE_STRING_H
| # if !defined STDC_HEADERS && defined HAVE_MEMORY_H
| #  include <memory.h>
| # endif
| # include <string.h>
| #endif
| #ifdef HAVE_STRINGS_H
| # include <strings.h>
| #endif
| #ifdef HAVE_INTTYPES_H
| # include <inttypes.h>
| #endif
| #ifdef HAVE_STDINT_H
| # include <stdint.h>
| #endif
| #ifdef HAVE_UNISTD_H
| # include <unistd.h>
| #endif
| #include <vfork.h>
configure:4602: result: no
configure:4602: checking vfork.h presence
configure:4602: gcc -std=gnu99 -E  conftest.c
conftest.c:38:19: fatal error: vfork.h: No such file or directory
 #include <vfork.h>
                   ^
compilation terminated.
configure:4602: $? = 1
configure: failed program was:
| /* confdefs.h */
| #define PACKAGE_NAME "t50"
| #define PACKAGE_TARNAME "t50"
| #define PACKAGE_VERSION "5.6.6"
| #define PACKAGE_STRING "t50 5.6.6"
| #define PACKAGE_BUGREPORT ""
| #define PACKAGE_URL "https://github.com/fredericopissarra/t50.git"
| #define PACKAGE "t50"
| #define VERSION "5.6.6"
| #define STDC_HEADERS 1
| #define HAVE_SYS_TYPES_H 1
| #define HAVE_SYS_STAT_H 1
| #define HAVE_STDLIB_H 1
| #define HAVE_STRING_H 1
| #define HAVE_MEMORY_H 1
| #define HAVE_STRINGS_H 1
| #define HAVE_INTTYPES_H 1
| #define HAVE_STDINT_H 1
| #define HAVE_UNISTD_H 1
| #define HAVE_ARPA_INET_H 1
| #define HAVE_FCNTL_H 1
| #define HAVE_LIMITS_H 1
| #define HAVE_NETDB_H 1
| #define HAVE_NETINET_IN_H 1
| #define HAVE_STDDEF_H 1
| #define HAVE_SYS_SOCKET_H 1
| #define HAVE_SYS_TIME_H 1
| #define HAVE_ALARM 1
| #define HAVE_REGCOMP 1
| #define HAVE_SOCKET 1
| #define HAVE_STRCASECMP 1
| #define HAVE_STRCHR 1
| #define HAVE_STRDUP 1
| #define HAVE_STRERROR 1
| #define HAVE_STRPBRK 1
| #define HAVE_STRTOUL 1
| /* end confdefs.h.  */
| #include <vfork.h>
configure:4602: result: no
configure:4602: checking for vfork.h
configure:4602: result: no
configure:4615: checking for fork
configure:4615: gcc -std=gnu99 -o conftest -O3 -march=native -DNDEBUG   conftest.c  >&5
conftest.c:61:6: warning: conflicting types for built-in function 'fork' [enabled by default]
 char fork ();
      ^
configure:4615: $? = 0
configure:4615: result: yes
configure:4615: checking for vfork
configure:4615: gcc -std=gnu99 -o conftest -O3 -march=native -DNDEBUG   conftest.c  >&5
configure:4615: $? = 0
configure:4615: result: yes
configure:4625: checking for working fork
configure:4647: gcc -std=gnu99 -o conftest -O3 -march=native -DNDEBUG   conftest.c  >&5
configure:4647: $? = 0
configure:4647: ./conftest
configure:4647: $? = 0
configure:4657: result: yes
configure:4678: checking for working vfork
configure:4788: result: yes
configure:4813: checking for error_at_line
configure:4829: gcc -std=gnu99 -o conftest -O3 -march=native -DNDEBUG   conftest.c  >&5
configure:4829: $? = 0
configure:4837: result: yes
configure:4850: checking for stdlib.h
configure:4850: result: yes
configure:4860: checking for GNU libc compatible realloc
configure:4884: gcc -std=gnu99 -o conftest -O3 -march=native -DNDEBUG   conftest.c  >&5
configure:4884: $? = 0
configure:4884: ./conftest
configure:4884: $? = 0
configure:4894: result: yes
configure:4915: checking for inline
configure:4931: gcc -std=gnu99 -c -O3 -march=native -DNDEBUG  conftest.c >&5
configure:4931: $? = 0
configure:4939: result: inline
configure:5075: checking that generated files are newer than configure
configure:5081: result: done
configure:5104: creating ./config.status

## ---------------------- ##
## Running config.status. ##
## ---------------------- ##

This file was extended by t50 config.status 5.6.6, which was
generated by GNU Autoconf 2.69.  Invocation command line was

  CONFIG_FILES    = 
  CONFIG_HEADERS  = 
  CONFIG_LINKS    = 
  CONFIG_COMMANDS = 
  $ ./config.status 

on gpcnslave

config.status:879: creating Makefile
config.status:879: creating src/Makefile
config.status:879: creating src/include/configuration.h
config.status:1108: executing depfiles commands

## ---------------- ##
## Cache variables. ##
## ---------------- ##

ac_cv_c_compiler_gnu=yes
ac_cv_c_inline=inline
ac_cv_c_uint16_t=yes
ac_cv_c_uint32_t=yes
ac_cv_c_uint64_t=yes
ac_cv_c_uint8_t=yes
ac_cv_env_CC_set=
ac_cv_env_CC_value=
ac_cv_env_CFLAGS_set=
ac_cv_env_CFLAGS_value=
ac_cv_env_CPPFLAGS_set=
ac_cv_env_CPPFLAGS_value=
ac_cv_env_CPP_set=
ac_cv_env_CPP_value=
ac_cv_env_LDFLAGS_set=
ac_cv_env_LDFLAGS_value=
ac_cv_env_LIBS_set=
ac_cv_env_LIBS_value=
ac_cv_env_build_alias_set=
ac_cv_env_build_alias_value=
ac_cv_env_host_alias_set=
ac_cv_env_host_alias_value=
ac_cv_env_target_alias_set=
ac_cv_env_target_alias_value=
ac_cv_func_alarm=yes
ac_cv_func_fork=yes
ac_cv_func_fork_works=yes
ac_cv_func_realloc_0_nonnull=yes
ac_cv_func_regcomp=yes
ac_cv_func_socket=yes
ac_cv_func_strcasecmp=yes
ac_cv_func_strchr=yes
ac_cv_func_strdup=yes
ac_cv_func_strerror=yes
ac_cv_func_strpbrk=yes
ac_cv_func_strtoul=yes
ac_cv_func_vfork=yes
ac_cv_func_vfork_works=yes
ac_cv_header_arpa_inet_h=yes
ac_cv_header_fcntl_h=yes
ac_cv_header_inttypes_h=yes
ac_cv_header_limits_h=yes
ac_cv_header_memory_h=yes
ac_cv_header_netdb_h=yes
ac_cv_header_netinet_in_h=yes
ac_cv_header_stdc=yes
ac_cv_header_stddef_h=yes
ac_cv_header_stdint_h=yes
ac_cv_header_stdlib_h=yes
ac_cv_header_string_h=yes
ac_cv_header_strings_h=yes
ac_cv_header_sys_socket_h=yes
ac_cv_header_sys_stat_h=yes
ac_cv_header_sys_time_h=yes
ac_cv_header_sys_types_h=yes
ac_cv_header_unistd_h=yes
ac_cv_header_vfork_h=no
ac_cv_lib_error_at_line=yes
ac_cv_objext=o
ac_cv_path_EGREP='/bin/grep -E'
ac_cv_path_GREP=/bin/grep
ac_cv_path_install='/usr/bin/install -c'
ac_cv_path_mkdir=/bin/mkdir
ac_cv_prog_AWK=gawk
ac_cv_prog_CPP='gcc -std=gnu99 -E'
ac_cv_prog_ac_ct_CC=gcc
ac_cv_prog_cc_c89=
ac_cv_prog_cc_c99=-std=gnu99
ac_cv_prog_cc_g=yes
ac_cv_prog_make_make_set=yes
ac_cv_type_pid_t=yes
ac_cv_type_size_t=yes
am_cv_CC_dependencies_compiler_type=gcc3
am_cv_make_support_nested_variables=yes
am_cv_prog_cc_c_o=yes

## ----------------- ##
## Output variables. ##
## ----------------- ##

ACLOCAL='${SHELL} /home/vagrant/t50-5.6.6/build/missing aclocal-1.15'
AMDEPBACKSLASH='\'
AMDEP_FALSE='#'
AMDEP_TRUE=''
AMTAR='$${TAR-tar}'
AM_BACKSLASH='\'
AM_DEFAULT_V='$(AM_DEFAULT_VERBOSITY)'
AM_DEFAULT_VERBOSITY='1'
AM_V='$(V)'
AUTOCONF='${SHELL} /home/vagrant/t50-5.6.6/build/missing autoconf'
AUTOHEADER='${SHELL} /home/vagrant/t50-5.6.6/build/missing autoheader'
AUTOMAKE='${SHELL} /home/vagrant/t50-5.6.6/build/missing automake-1.15'
AWK='gawk'
CC='gcc -std=gnu99'
CCDEPMODE='depmode=gcc3'
CFLAGS='-O3 -march=native -DNDEBUG'
CPP='gcc -std=gnu99 -E'
CPPFLAGS=''
CYGPATH_W='echo'
DEFS='-DHAVE_CONFIG_H'
DEPDIR='.deps'
ECHO_C=''
ECHO_N='-n'
ECHO_T=''
EGREP='/bin/grep -E'
EXEEXT=''
GREP='/bin/grep'
INSTALL_DATA='${INSTALL} -m 644'
INSTALL_PROGRAM='${INSTALL}'
INSTALL_SCRIPT='${INSTALL}'
INSTALL_STRIP_PROGRAM='$(install_sh) -c -s'
LDFLAGS=''
LIBOBJS=''
LIBS=''
LTLIBOBJS=''
MAKEINFO='${SHELL} /home/vagrant/t50-5.6.6/build/missing makeinfo'
MKDIR_P='/bin/mkdir -p'
OBJEXT='o'
PACKAGE='t50'
PACKAGE_BUGREPORT=''
PACKAGE_NAME='t50'
PACKAGE_STRING='t50 5.6.6'
PACKAGE_TARNAME='t50'
PACKAGE_URL='https://github.com/fredericopissarra/t50.git'
PACKAGE_VERSION='5.6.6'
PATH_SEPARATOR=':'
SET_MAKE=''
SHELL='/bin/bash'
STRIP=''
VERSION='5.6.6'
ac_ct_CC='gcc'
am__EXEEXT_FALSE=''
am__EXEEXT_TRUE='#'
am__fastdepCC_FALSE='#'
am__fastdepCC_TRUE=''
am__include='include'
am__isrc=''
am__leading_dot='.'
am__nodep='_no'
am__quote=''
am__tar='$${TAR-tar} chof - "$$tardir"'
am__untar='$${TAR-tar} xf -'
bindir='${exec_prefix}/bin'
build_alias=''
datadir='${datarootdir}'
datarootdir='${prefix}/share'
docdir='${datarootdir}/doc/${PACKAGE_TARNAME}'
dvidir='${docdir}'
exec_prefix='${prefix}'
host_alias=''
htmldir='${docdir}'
includedir='${prefix}/include'
infodir='${datarootdir}/info'
install_sh='${SHELL} /home/vagrant/t50-5.6.6/build/install-sh'
libdir='${exec_prefix}/lib'
libexecdir='${exec_prefix}/libexec'
localedir='${datarootdir}/locale'
localstatedir='${prefix}/var'
mandir='${datarootdir}/man'
mkdir_p='$(MKDIR_P)'
oldincludedir='/usr/include'
pdfdir='${docdir}'
prefix='/usr/local'
program_transform_name='s,x,x,'
psdir='${docdir}'
runstatedir='${localstatedir}/run'
sbindir='${exec_prefix}/sbin'
sharedstatedir='${prefix}/com'
sysconfdir='${prefix}/etc'
target_alias=''

## ----------- ##
## confdefs.h. ##
## ----------- ##

/* confdefs.h */
#define PACKAGE_NAME "t50"
#define PACKAGE_TARNAME "t50"
#define PACKAGE_VERSION "5.6.6"
#define PACKAGE_STRING "t50 5.6.6"
#define PACKAGE_BUGREPORT ""
#define PACKAGE_URL "https://github.com/fredericopissarra/t50.git"
#define PACKAGE "t50"
#define VERSION "5.6.6"
#define STDC_HEADERS 1
#define HAVE_SYS_TYPES_H 1
#define HAVE_SYS_STAT_H 1
#define HAVE_STDLIB_H 1
#define HAVE_STRING_H 1
#define HAVE_MEMORY_H 1
#define HAVE_STRINGS_H 1
#define HAVE_INTTYPES_H 1
#define HAVE_STDINT_H 1
#define HAVE_UNISTD_H 1
#define HAVE_ARPA_INET_H 1
#define HAVE_FCNTL_H 1
#define HAVE_LIMITS_H 1
#define HAVE_NETDB_H 1
#define HAVE_NETINET_IN_H 1
#define HAVE_STDDEF_H 1
#define HAVE_SYS_SOCKET_H 1
#define HAVE_SYS_TIME_H 1
#define HAVE_ALARM 1
#define HAVE_REGCOMP 1
#define HAVE_SOCKET 1
#define HAVE_STRCASECMP 1
#define HAVE_STRCHR 1
#define HAVE_STRDUP 1
#define HAVE_STRERROR 1
#define HAVE_STRPBRK 1
#define HAVE_STRTOUL 1
#define HAVE_FORK 1
#define HAVE_VFORK 1
#define HAVE_WORKING_VFORK 1
#define HAVE_WORKING_FORK 1
#define HAVE_STDLIB_H 1
#define HAVE_REALLOC 1
#define __HAVE_TURBO__ 1

configure: exit 0
